d:\cppp\mytcpserver\debug\vc120.pdb
d:\cppp\mytcpserver\debug\main.obj
d:\cppp\mytcpserver\debug\moc_mytcpserver.obj
d:\cppp\mytcpserver\debug\mytcpserver.obj
d:\cppp\mytcpserver\debug\qrc_mytcpserver.obj
d:\cppp\mytcpserver\generatedfiles\debug\moc_mytcpserver.cpp
d:\cppp\mytcpserver\generatedfiles\qrc_mytcpserver.cpp
d:\cppp\mytcpserver\generatedfiles\ui_mytcpserver.h
d:\cppp\mytcpserver\win32\debug\mytcpserver.ilk
d:\cppp\mytcpserver\win32\debug\mytcpserver.exe
d:\cppp\mytcpserver\win32\debug\mytcpserver.pdb
d:\cppp\mytcpserver\debug\mytcpserver.res
d:\cppp\mytcpserver\debug\mytcpserver.tlog\cl.command.1.tlog
d:\cppp\mytcpserver\debug\mytcpserver.tlog\cl.read.1.tlog
d:\cppp\mytcpserver\debug\mytcpserver.tlog\cl.write.1.tlog
d:\cppp\mytcpserver\debug\mytcpserver.tlog\custombuild.command.1.tlog
d:\cppp\mytcpserver\debug\mytcpserver.tlog\custombuild.read.1.tlog
d:\cppp\mytcpserver\debug\mytcpserver.tlog\custombuild.write.1.tlog
d:\cppp\mytcpserver\debug\mytcpserver.tlog\link.command.1.tlog
d:\cppp\mytcpserver\debug\mytcpserver.tlog\link.read.1.tlog
d:\cppp\mytcpserver\debug\mytcpserver.tlog\link.write.1.tlog
d:\cppp\mytcpserver\debug\mytcpserver.tlog\rc.command.1.tlog
d:\cppp\mytcpserver\debug\mytcpserver.tlog\rc.read.1.tlog
d:\cppp\mytcpserver\debug\mytcpserver.tlog\rc.write.1.tlog
