d:\cppp\mytcpclient\debug\vc120.pdb
d:\cppp\mytcpclient\debug\qrc_mytcpclient.obj
d:\cppp\mytcpclient\debug\main.obj
d:\cppp\mytcpclient\debug\mytcpclient.obj
d:\cppp\mytcpclient\debug\moc_mytcpclient.obj
d:\cppp\mytcpclient\generatedfiles\debug\moc_mytcpclient.cpp
d:\cppp\mytcpclient\generatedfiles\qrc_mytcpclient.cpp
d:\cppp\mytcpclient\generatedfiles\ui_mytcpclient.h
d:\cppp\mytcpclient\win32\debug\mytcpclient.ilk
d:\cppp\mytcpclient\win32\debug\mytcpclient.exe
d:\cppp\mytcpclient\win32\debug\mytcpclient.pdb
d:\cppp\mytcpclient\debug\mytcpclient.res
d:\cppp\mytcpclient\debug\mytcpclient.tlog\cl.command.1.tlog
d:\cppp\mytcpclient\debug\mytcpclient.tlog\cl.read.1.tlog
d:\cppp\mytcpclient\debug\mytcpclient.tlog\cl.write.1.tlog
d:\cppp\mytcpclient\debug\mytcpclient.tlog\custombuild.command.1.tlog
d:\cppp\mytcpclient\debug\mytcpclient.tlog\custombuild.read.1.tlog
d:\cppp\mytcpclient\debug\mytcpclient.tlog\custombuild.write.1.tlog
d:\cppp\mytcpclient\debug\mytcpclient.tlog\link.command.1.tlog
d:\cppp\mytcpclient\debug\mytcpclient.tlog\link.read.1.tlog
d:\cppp\mytcpclient\debug\mytcpclient.tlog\link.write.1.tlog
d:\cppp\mytcpclient\debug\mytcpclient.tlog\rc.command.1.tlog
d:\cppp\mytcpclient\debug\mytcpclient.tlog\rc.read.1.tlog
d:\cppp\mytcpclient\debug\mytcpclient.tlog\rc.write.1.tlog
